0 verbose cli C:\Program Files\nodejs\node.exe C:\Users\Junior Sousa\AppData\Roaming\npm\node_modules\npm\bin\npm-cli.js
1 info using npm@8.10.0
2 info using node@v16.14.0
3 timing npm:load:whichnode Completed in 0ms
4 timing config:load:defaults Completed in 1ms
5 timing config:load:file:C:\Users\Junior Sousa\AppData\Roaming\npm\node_modules\npm\npmrc Completed in 1ms
6 timing config:load:builtin Completed in 2ms
7 timing config:load:cli Completed in 1ms
8 timing config:load:env Completed in 1ms
9 timing config:load:file:d:\Area de Trabalho (Coding)\GitHub\CustomerControl\Customer_Control_web\.npmrc Completed in 0ms
10 timing config:load:project Completed in 2ms
11 timing config:load:file:C:\Users\Junior Sousa\.npmrc Completed in 1ms
12 timing config:load:user Completed in 1ms
13 timing config:load:file:C:\Users\Junior Sousa\AppData\Roaming\npm\etc\npmrc Completed in 0ms
14 timing config:load:global Completed in 0ms
15 timing config:load:validate Completed in 0ms
16 timing config:load:credentials Completed in 1ms
17 timing config:load:setEnvs Completed in 1ms
18 timing config:load Completed in 11ms
19 timing npm:load:configload Completed in 12ms
20 timing npm:load:mkdirpcache Completed in 1ms
21 timing npm:load:mkdirplogs Completed in 0ms
22 verbose title npm view @types/react description dist-tags.latest homepage version
23 verbose argv "view" "--json" "@types/react" "description" "dist-tags.latest" "homepage" "version"
24 timing npm:load:setTitle Completed in 2ms
25 timing config:load:flatten Completed in 4ms
26 timing npm:load:display Completed in 5ms
27 verbose logfile logs-max:10 dir:d:\Area de Trabalho (Coding)\GitHub\CustomerControl\Customer_Control_web\_logs
28 verbose logfile d:\Area de Trabalho (Coding)\GitHub\CustomerControl\Customer_Control_web\_logs\2022-08-08T21_01_41_081Z-debug-0.log
29 timing npm:load:logFile Completed in 7ms
30 timing npm:load:timers Completed in 0ms
31 timing npm:load:configScope Completed in 0ms
32 timing npm:load Completed in 27ms
33 silly logfile done cleaning log files
34 http fetch GET 200 https://registry.npmjs.org/npm 438ms (cache miss)
35 http fetch GET 200 https://registry.npmjs.org/@types%2freact 1902ms (cache miss)
36 timing command:view Completed in 1940ms
37 notice
37 notice New minor version of npm available! 8.10.0 -> 8.16.0
37 notice Changelog: <https://github.com/npm/cli/releases/tag/v8.16.0>
37 notice Run `npm install -g npm@8.16.0` to update!
37 notice
38 verbose exit 0
39 timing npm Completed in 1981ms
40 info ok
